{
  "RSpec": {
    "coverage": {
      "/Users/harshvardhansurolia/Desktop/SE/PhD-Annual-Review-System/config/environment.rb": {
        "lines": [
          null,
          1,
          null,
          null,
          1
        ]
      },
      "/Users/harshvardhansurolia/Desktop/SE/PhD-Annual-Review-System/config/application.rb": {
        "lines": [
          1,
          null,
          1,
          null,
          null,
          null,
          1,
          null,
          1,
          1,
          null,
          1,
          null,
          null,
          null,
          null,
          null,
          null,
          null,
          null,
          null,
          null
        ]
      },
      "/Users/harshvardhansurolia/Desktop/SE/PhD-Annual-Review-System/config/boot.rb": {
        "lines": [
          1,
          null,
          1,
          1
        ]
      },
      "/Users/harshvardhansurolia/Desktop/SE/PhD-Annual-Review-System/config/environments/test.rb": {
        "lines": [
          1,
          null,
          null,
          null,
          null,
          null,
          null,
          1,
          null,
          1,
          1,
          null,
          null,
          null,
          null,
          1,
          null,
          null,
          null,
          null,
          1,
          null,
          null,
          1,
          1,
          null,
          null,
          null,
          null,
          1,
          1,
          1,
          null,
          null,
          1,
          null,
          null,
          1,
          null,
          null,
          1,
          null,
          1,
          null,
          null,
          null,
          null,
          1,
          null,
          null,
          1,
          null,
          null,
          1,
          null,
          null,
          1,
          null,
          null,
          null,
          null,
          null,
          null,
          null
        ]
      },
      "/Users/harshvardhansurolia/Desktop/SE/PhD-Annual-Review-System/config/initializers/assets.rb": {
        "lines": [
          null,
          null,
          null,
          1,
          null,
          null,
          null,
          null,
          null,
          null,
          null,
          null
        ]
      },
      "/Users/harshvardhansurolia/Desktop/SE/PhD-Annual-Review-System/config/initializers/aws.rb": {
        "lines": [
          1,
          null,
          null,
          null
        ]
      },
      "/Users/harshvardhansurolia/Desktop/SE/PhD-Annual-Review-System/config/initializers/content_security_policy.rb": {
        "lines": [
          null,
          null,
          null,
          null,
          null,
          null,
          null,
          null,
          null,
          null,
          null,
          null,
          null,
          null,
          null,
          null,
          null,
          null,
          null,
          null,
          null,
          null,
          null,
          null,
          null
        ]
      },
      "/Users/harshvardhansurolia/Desktop/SE/PhD-Annual-Review-System/config/initializers/filter_parameter_logging.rb": {
        "lines": [
          null,
          null,
          null,
          null,
          null,
          1,
          null,
          null
        ]
      },
      "/Users/harshvardhansurolia/Desktop/SE/PhD-Annual-Review-System/config/initializers/inflections.rb": {
        "lines": [
          null,
          null,
          null,
          null,
          null,
          null,
          null,
          null,
          null,
          null,
          null,
          null,
          null,
          null,
          null,
          null
        ]
      },
      "/Users/harshvardhansurolia/Desktop/SE/PhD-Annual-Review-System/config/initializers/permissions_policy.rb": {
        "lines": [
          null,
          null,
          null,
          null,
          null,
          null,
          null,
          null,
          null,
          null,
          null
        ]
      },
      "/Users/harshvardhansurolia/Desktop/SE/PhD-Annual-Review-System/test/factories/student_documents.rb": {
        "lines": [
          1,
          1,
          1,
          1,
          1,
          null,
          null
        ]
      },
      "/Users/harshvardhansurolia/Desktop/SE/PhD-Annual-Review-System/spec/factories/admin.rb": {
        "lines": [
          1,
          1,
          9,
          9,
          8,
          2,
          4,
          null,
          null,
          null
        ]
      },
      "/Users/harshvardhansurolia/Desktop/SE/PhD-Annual-Review-System/spec/factories/assessments.rb": {
        "lines": [
          null,
          null,
          1,
          1,
          1,
          1,
          3,
          3,
          3,
          null,
          null,
          null
        ]
      },
      "/Users/harshvardhansurolia/Desktop/SE/PhD-Annual-Review-System/spec/factories/committees.rb": {
        "lines": [
          1,
          1,
          1,
          1,
          8,
          null,
          null
        ]
      },
      "/Users/harshvardhansurolia/Desktop/SE/PhD-Annual-Review-System/spec/factories/faculty.rb": {
        "lines": [
          1,
          1,
          20,
          20,
          37,
          31,
          33,
          null,
          null,
          null
        ]
      },
      "/Users/harshvardhansurolia/Desktop/SE/PhD-Annual-Review-System/spec/factories/students.rb": {
        "lines": [
          1,
          1,
          29,
          29,
          29,
          15,
          14,
          17,
          null,
          null,
          null
        ]
      },
      "/Users/harshvardhansurolia/Desktop/SE/PhD-Annual-Review-System/config/routes.rb": {
        "lines": [
          1,
          1,
          1,
          null,
          1,
          1,
          null,
          1,
          1,
          null,
          1,
          1,
          1,
          1,
          1,
          1,
          1,
          1,
          1,
          1,
          1,
          1,
          null,
          null,
          1,
          1,
          1,
          1,
          null,
          1,
          1,
          1,
          1,
          1,
          1,
          null,
          null,
          1,
          1,
          1,
          null,
          null,
          null,
          null,
          null,
          null
        ]
      },
      "/Users/harshvardhansurolia/Desktop/SE/PhD-Annual-Review-System/app/helpers/admin_helper.rb": {
        "lines": [
          1,
          null
        ]
      },
      "/Users/harshvardhansurolia/Desktop/SE/PhD-Annual-Review-System/app/helpers/application_helper.rb": {
        "lines": [
          1,
          null
        ]
      },
      "/Users/harshvardhansurolia/Desktop/SE/PhD-Annual-Review-System/app/helpers/document_helper.rb": {
        "lines": [
          1,
          null
        ]
      },
      "/Users/harshvardhansurolia/Desktop/SE/PhD-Annual-Review-System/app/helpers/faculty_helper.rb": {
        "lines": [
          1,
          null
        ]
      },
      "/Users/harshvardhansurolia/Desktop/SE/PhD-Annual-Review-System/app/helpers/home_helper.rb": {
        "lines": [
          1,
          null
        ]
      },
      "/Users/harshvardhansurolia/Desktop/SE/PhD-Annual-Review-System/app/helpers/student_helper.rb": {
        "lines": [
          1,
          null
        ]
      },
      "/Users/harshvardhansurolia/Desktop/SE/PhD-Annual-Review-System/app/helpers/student_documents_helper.rb": {
        "lines": [
          1,
          null
        ]
      },
      "/Users/harshvardhansurolia/Desktop/SE/PhD-Annual-Review-System/app/helpers/welcome_helper.rb": {
        "lines": [
          1,
          null
        ]
      },
      "/Users/harshvardhansurolia/Desktop/SE/PhD-Annual-Review-System/app/controllers/admin_controller.rb": {
        "lines": [
          1,
          1,
          null,
          null,
          1,
          2,
          2,
          null,
          1,
          1,
          1,
          null,
          null,
          1,
          1,
          null,
          null,
          null,
          1,
          1,
          1,
          1,
          null,
          null
        ]
      },
      "/Users/harshvardhansurolia/Desktop/SE/PhD-Annual-Review-System/app/controllers/application_controller.rb": {
        "lines": [
          1,
          null
        ]
      },
      "/Users/harshvardhansurolia/Desktop/SE/PhD-Annual-Review-System/spec/controllers/faculty_controller_spec.rb": {
        "lines": [
          null,
          1,
          null,
          1,
          null,
          1,
          1,
          1,
          1,
          1,
          1,
          1,
          null,
          null,
          null,
          1,
          3,
          null,
          1,
          1,
          1,
          1,
          null,
          null,
          1,
          1,
          1,
          1,
          1,
          null,
          null,
          null,
          1,
          1,
          1,
          1,
          1,
          1,
          1,
          null,
          null,
          null,
          1,
          1,
          1,
          1,
          null,
          null,
          null,
          null,
          1,
          1,
          1,
          1,
          1,
          1,
          1,
          null,
          null,
          null,
          1,
          1,
          1,
          1,
          1,
          1,
          1,
          1,
          1,
          null,
          null,
          1,
          1,
          1,
          1,
          1,
          1,
          1,
          1,
          1,
          null,
          null,
          1,
          1,
          1,
          1,
          1,
          1,
          1,
          1,
          null,
          null,
          null,
          1,
          1,
          1,
          1,
          1,
          1,
          1,
          1,
          null,
          null,
          1,
          1,
          1,
          1,
          1,
          1,
          1,
          null,
          null,
          null,
          null,
          null
        ]
      },
      "/Users/harshvardhansurolia/Desktop/SE/PhD-Annual-Review-System/app/controllers/faculty_controller.rb": {
        "lines": [
          1,
          1,
          1,
          null,
          null,
          1,
          2,
          2,
          null,
          1,
          null,
          null,
          1,
          null,
          null,
          1,
          1,
          null,
          null,
          null,
          null,
          1,
          1,
          null,
          null,
          1,
          null,
          null,
          1,
          1,
          1,
          1,
          1,
          1,
          null,
          1,
          0,
          0,
          null,
          0,
          null,
          null,
          null,
          0,
          0,
          null,
          null,
          null,
          1,
          1,
          1,
          null,
          1,
          1,
          null,
          0,
          0,
          0,
          null,
          null,
          null,
          1,
          3,
          null,
          3,
          null,
          3,
          2,
          null,
          1,
          null,
          null,
          3,
          null,
          null,
          1,
          null,
          2,
          null,
          null,
          2,
          null,
          2,
          1,
          1,
          null,
          null,
          null,
          null,
          1,
          null,
          1,
          2,
          1,
          1,
          null,
          null,
          null,
          null,
          1,
          1,
          null,
          null,
          1,
          1,
          null,
          null,
          1,
          2,
          null,
          null,
          1,
          8,
          null,
          null,
          1,
          3,
          null,
          null
        ]
      },
      "/Users/harshvardhansurolia/Desktop/SE/PhD-Annual-Review-System/spec/controllers/student_controller_spec.rb": {
        "lines": [
          null,
          1,
          null,
          1,
          1,
          1,
          1,
          1,
          null,
          null,
          null,
          1,
          1,
          1,
          1,
          1,
          1,
          1,
          1,
          1,
          null,
          null,
          null,
          1,
          1,
          1,
          1,
          1,
          null,
          null,
          null,
          1,
          1,
          1,
          null,
          null,
          null,
          1,
          1,
          1,
          1,
          null,
          null,
          1,
          1,
          1,
          null,
          null,
          null,
          null,
          null,
          1,
          3,
          null,
          1,
          1,
          1,
          1,
          1,
          null,
          null,
          1,
          1,
          1,
          1,
          1,
          null,
          null,
          null,
          1,
          2,
          null,
          1,
          1,
          1,
          null,
          1,
          1,
          null,
          null,
          null,
          1,
          1,
          1,
          null,
          null,
          1,
          1,
          null,
          1,
          null,
          null,
          null,
          null,
          1,
          3,
          null,
          1,
          2,
          2,
          2,
          2,
          null,
          null,
          1,
          1,
          null,
          null,
          1,
          1,
          null,
          null,
          null,
          1,
          3,
          3,
          null,
          1,
          2,
          null,
          null,
          1,
          1,
          1,
          null,
          null,
          null,
          1,
          1,
          null,
          1,
          null,
          1,
          null,
          null,
          null,
          1,
          4,
          4,
          null,
          1,
          3,
          3,
          3,
          null,
          null,
          1,
          1,
          null,
          null,
          1,
          1,
          null,
          null,
          1,
          1,
          null,
          null,
          1,
          1,
          null,
          null,
          null,
          1,
          3,
          3,
          3,
          null,
          3,
          3,
          null,
          1,
          2,
          null,
          null,
          1,
          1,
          null,
          1,
          1,
          1,
          null,
          null,
          1,
          null,
          1,
          null,
          1,
          null,
          1,
          1,
          1,
          1,
          1,
          null,
          null,
          null,
          1,
          3,
          3,
          3,
          null,
          3,
          3,
          null,
          1,
          2,
          null,
          null,
          1,
          1,
          null,
          1,
          1,
          1,
          null,
          null,
          1,
          1,
          1,
          null,
          1,
          null,
          null,
          null,
          1,
          3,
          3,
          3,
          1,
          null,
          2,
          null,
          null,
          null,
          null,
          null,
          null,
          null,
          1,
          2,
          2,
          null,
          null,
          1,
          1,
          null,
          null,
          1,
          1,
          1,
          2,
          2,
          2,
          2,
          2,
          2,
          null,
          null,
          null,
          null,
          1,
          4,
          null,
          1,
          4,
          null,
          1,
          1,
          null,
          1,
          null,
          null,
          null,
          null,
          null,
          1,
          1,
          1,
          1,
          null,
          null,
          null,
          1,
          1,
          null,
          1,
          null,
          null,
          null,
          null,
          null,
          1,
          1,
          1,
          1,
          null,
          null,
          null,
          1,
          1,
          null,
          1,
          null,
          null,
          null,
          null,
          null,
          1,
          1,
          1,
          1,
          null,
          null,
          null,
          null,
          1,
          1,
          1,
          1,
          null,
          null,
          null,
          null
        ]
      },
      "/Users/harshvardhansurolia/Desktop/SE/PhD-Annual-Review-System/app/controllers/student_controller.rb": {
        "lines": [
          1,
          1,
          null,
          1,
          null,
          null,
          1,
          2,
          2,
          2,
          null,
          1,
          1,
          1,
          1,
          null,
          null,
          1,
          1,
          null,
          null,
          null,
          1,
          1,
          null,
          null,
          1,
          4,
          4,
          null,
          2,
          2,
          2,
          2,
          null,
          null,
          2,
          null,
          null,
          null,
          1,
          1,
          1,
          1,
          1,
          null,
          null,
          1,
          3,
          null,
          null,
          1,
          4,
          null,
          null,
          4,
          1,
          1,
          null,
          null,
          null,
          1,
          null,
          2,
          null,
          2,
          1,
          null,
          1,
          1,
          null,
          null,
          2,
          null,
          null,
          1,
          2,
          null,
          null,
          2,
          null,
          null,
          2,
          null,
          2,
          2,
          null,
          null,
          1,
          2,
          2,
          1,
          null,
          1,
          null,
          2,
          null,
          null,
          null,
          null,
          null,
          null,
          1,
          2,
          null,
          null,
          null,
          null,
          1,
          null,
          null,
          1,
          3,
          null,
          3,
          2,
          1,
          1,
          null,
          1,
          1,
          null,
          null,
          1,
          1,
          null,
          null,
          null,
          1,
          1,
          4,
          null,
          null,
          1,
          25,
          null,
          null,
          1,
          16,
          2,
          2,
          null,
          null,
          null,
          1,
          5,
          null,
          null,
          1,
          null
        ]
      },
      "/Users/harshvardhansurolia/Desktop/SE/PhD-Annual-Review-System/spec/controllers/student_document_controller_spec.rb": {
        "lines": [
          1,
          null,
          1,
          null,
          1,
          2,
          2,
          null,
          null,
          null,
          3,
          null,
          null,
          null,
          null,
          null,
          null,
          null,
          null,
          null,
          null,
          null,
          null,
          null,
          null,
          1,
          1,
          null,
          null,
          1,
          1,
          1,
          1,
          1,
          1,
          1,
          1,
          1,
          1,
          1,
          1,
          1,
          1,
          1,
          null,
          null,
          null,
          null,
          null,
          null,
          null,
          null,
          null,
          null,
          null,
          null,
          null,
          null,
          1,
          null,
          null,
          1,
          1,
          1,
          1,
          1,
          1,
          1,
          1,
          1,
          1,
          1,
          1,
          1,
          null,
          null,
          1,
          null,
          1,
          null,
          1,
          null,
          null,
          1,
          null,
          null,
          1,
          1,
          null,
          null,
          null,
          null
        ]
      },
      "/Users/harshvardhansurolia/Desktop/SE/PhD-Annual-Review-System/app/controllers/student_documents_controller.rb": {
        "lines": [
          1,
          1,
          null,
          null,
          1,
          0,
          0,
          null,
          null,
          null,
          1,
          0,
          null,
          null,
          null,
          1,
          null,
          null,
          null,
          null,
          1,
          null,
          null,
          null,
          null,
          1,
          null,
          null,
          null,
          null,
          null,
          null,
          1,
          2,
          0,
          null,
          2,
          0,
          null,
          2,
          2,
          2,
          null,
          null,
          2,
          2,
          2,
          2,
          2,
          2,
          2,
          2,
          2,
          2,
          null,
          2,
          1,
          null,
          null,
          1,
          null,
          null,
          1,
          null,
          null,
          1,
          1,
          1,
          1,
          null,
          null,
          null,
          1,
          1,
          1,
          1,
          null,
          null,
          1,
          null,
          null,
          1,
          null,
          null,
          1,
          null,
          null,
          1,
          null,
          null,
          1,
          1,
          1,
          1,
          null,
          null,
          null,
          1,
          1,
          1,
          1,
          null,
          null,
          1,
          null,
          null,
          null,
          1,
          1,
          1,
          1,
          1,
          1,
          1,
          1,
          1,
          null,
          null,
          1,
          1,
          null,
          null,
          1,
          1,
          1,
          null,
          null,
          null,
          null,
          1,
          0,
          null,
          0,
          0,
          0,
          null,
          null,
          null,
          1,
          null,
          1,
          2,
          2,
          null,
          null,
          null,
          1,
          2,
          null,
          null,
          null,
          null,
          null,
          null,
          null,
          null,
          null,
          null,
          null
        ]
      },
      "/Users/harshvardhansurolia/Desktop/SE/PhD-Annual-Review-System/spec/models/admin_spec.rb": {
        "lines": [
          null,
          null,
          1,
          null,
          1,
          1,
          1,
          1,
          1,
          null,
          null,
          1,
          1,
          1,
          1,
          null,
          null,
          1,
          1,
          1,
          1,
          null,
          null,
          1,
          1,
          1,
          1,
          null,
          null,
          1,
          1,
          1,
          1,
          null,
          null,
          null,
          1,
          3,
          null,
          1,
          1,
          1,
          null,
          null,
          1,
          1,
          1,
          null,
          null,
          null
        ]
      },
      "/Users/harshvardhansurolia/Desktop/SE/PhD-Annual-Review-System/app/models/admin.rb": {
        "lines": [
          1,
          1,
          null,
          1,
          1,
          null,
          1,
          10,
          1,
          null,
          null,
          null
        ]
      },
      "/Users/harshvardhansurolia/Desktop/SE/PhD-Annual-Review-System/app/models/application_record.rb": {
        "lines": [
          1,
          1,
          null
        ]
      },
      "/Users/harshvardhansurolia/Desktop/SE/PhD-Annual-Review-System/spec/models/committee_spec.rb": {
        "lines": [
          null,
          1,
          null,
          1,
          1,
          1,
          1,
          1,
          1,
          null,
          null,
          1,
          1,
          1,
          1,
          null,
          null,
          null,
          1,
          1,
          1,
          1,
          null,
          1,
          null,
          1,
          1,
          null,
          null,
          null
        ]
      },
      "/Users/harshvardhansurolia/Desktop/SE/PhD-Annual-Review-System/app/models/committee.rb": {
        "lines": [
          1,
          1,
          1,
          null,
          1,
          null
        ]
      },
      "/Users/harshvardhansurolia/Desktop/SE/PhD-Annual-Review-System/spec/models/faculty_spec.rb": {
        "lines": [
          null,
          null,
          1,
          null,
          1,
          1,
          1,
          1,
          1,
          null,
          null,
          1,
          1,
          1,
          1,
          null,
          null,
          1,
          1,
          1,
          1,
          null,
          null,
          1,
          1,
          1,
          1,
          null,
          null,
          1,
          1,
          1,
          1,
          null,
          null,
          null,
          1,
          3,
          null,
          1,
          1,
          1,
          null,
          null,
          1,
          1,
          1,
          null,
          null,
          null
        ]
      },
      "/Users/harshvardhansurolia/Desktop/SE/PhD-Annual-Review-System/app/models/faculty.rb": {
        "lines": [
          1,
          1,
          null,
          null,
          1,
          1,
          1,
          null,
          null,
          1,
          1,
          null,
          1,
          41,
          2,
          null,
          null,
          null
        ]
      },
      "/Users/harshvardhansurolia/Desktop/SE/PhD-Annual-Review-System/spec/models/student_spec.rb": {
        "lines": [
          1,
          null,
          1,
          1,
          1,
          1,
          1,
          1,
          null,
          null,
          1,
          1,
          1,
          1,
          null,
          null,
          1,
          1,
          1,
          1,
          null,
          null,
          1,
          1,
          1,
          1,
          null,
          null,
          null
        ]
      },
      "/Users/harshvardhansurolia/Desktop/SE/PhD-Annual-Review-System/app/models/student.rb": {
        "lines": [
          1,
          1,
          1,
          null,
          null,
          1,
          1,
          1,
          null,
          null,
          1,
          1,
          1,
          1,
          1,
          1,
          1,
          null,
          1,
          1,
          null,
          1,
          40,
          4,
          null,
          null,
          null
        ]
      },
      "/Users/harshvardhansurolia/Desktop/SE/PhD-Annual-Review-System/app/models/assessment.rb": {
        "lines": [
          1,
          1,
          1,
          null,
          1,
          null,
          1,
          null,
          1,
          8,
          8,
          8,
          8,
          8,
          0,
          8,
          0,
          null,
          8,
          null,
          null,
          null,
          null
        ]
      },
      "/Users/harshvardhansurolia/Desktop/SE/PhD-Annual-Review-System/app/models/student_document.rb": {
        "lines": [
          1,
          1,
          1,
          1,
          1,
          null,
          null,
          1,
          1,
          1,
          1,
          1,
          1,
          1,
          1,
          1,
          1,
          1,
          null,
          1,
          null,
          1,
          17,
          16,
          16,
          16,
          16,
          0,
          null,
          null,
          null,
          null,
          null,
          null
        ]
      }
    },
    "timestamp": 1700644948
  }
}
