{
  "RSpec": {
    "coverage": {
      "/Users/shwetimasakshi/Desktop/iteration2/config/environment.rb": {
        "lines": [
          null,
          1,
          null,
          null,
          1
        ]
      },
      "/Users/shwetimasakshi/Desktop/iteration2/config/application.rb": {
        "lines": [
          1,
          null,
          1,
          null,
          null,
          null,
          1,
          null,
          1,
          1,
          null,
          1,
          null,
          null,
          null,
          null,
          null,
          null,
          null,
          null,
          null,
          null
        ]
      },
      "/Users/shwetimasakshi/Desktop/iteration2/config/boot.rb": {
        "lines": [
          1,
          null,
          1,
          1
        ]
      },
      "/Users/shwetimasakshi/Desktop/iteration2/config/environments/test.rb": {
        "lines": [
          1,
          null,
          null,
          null,
          null,
          null,
          null,
          1,
          null,
          1,
          1,
          null,
          null,
          null,
          null,
          1,
          null,
          null,
          null,
          null,
          1,
          null,
          null,
          1,
          1,
          null,
          null,
          null,
          null,
          1,
          1,
          1,
          null,
          null,
          1,
          null,
          null,
          1,
          null,
          null,
          1,
          null,
          1,
          null,
          null,
          null,
          null,
          1,
          null,
          null,
          1,
          null,
          null,
          1,
          null,
          null,
          1,
          null,
          null,
          null,
          null,
          null,
          null,
          null
        ]
      },
      "/Users/shwetimasakshi/Desktop/iteration2/config/initializers/assets.rb": {
        "lines": [
          null,
          null,
          null,
          1,
          null,
          null,
          null,
          null,
          null,
          null,
          null,
          null
        ]
      },
      "/Users/shwetimasakshi/Desktop/iteration2/config/initializers/aws.rb": {
        "lines": [
          1,
          null,
          null,
          null
        ]
      },
      "/Users/shwetimasakshi/Desktop/iteration2/config/initializers/content_security_policy.rb": {
        "lines": [
          null,
          null,
          null,
          null,
          null,
          null,
          null,
          null,
          null,
          null,
          null,
          null,
          null,
          null,
          null,
          null,
          null,
          null,
          null,
          null,
          null,
          null,
          null,
          null,
          null
        ]
      },
      "/Users/shwetimasakshi/Desktop/iteration2/config/initializers/filter_parameter_logging.rb": {
        "lines": [
          null,
          null,
          null,
          null,
          null,
          1,
          null,
          null
        ]
      },
      "/Users/shwetimasakshi/Desktop/iteration2/config/initializers/inflections.rb": {
        "lines": [
          null,
          null,
          null,
          null,
          null,
          null,
          null,
          null,
          null,
          null,
          null,
          null,
          null,
          null,
          null,
          null
        ]
      },
      "/Users/shwetimasakshi/Desktop/iteration2/config/initializers/permissions_policy.rb": {
        "lines": [
          null,
          null,
          null,
          null,
          null,
          null,
          null,
          null,
          null,
          null,
          null
        ]
      },
      "/Users/shwetimasakshi/Desktop/iteration2/test/factories/assessments.rb": {
        "lines": [
          1,
          1,
          null,
          null,
          null
        ]
      },
      "/Users/shwetimasakshi/Desktop/iteration2/test/factories/student_documents.rb": {
        "lines": [
          1,
          1,
          1,
          1,
          1,
          null,
          null
        ]
      },
      "/Users/shwetimasakshi/Desktop/iteration2/spec/factories/admin.rb": {
        "lines": [
          1,
          1,
          9,
          9,
          8,
          2,
          4,
          null,
          null,
          null
        ]
      },
      "/Users/shwetimasakshi/Desktop/iteration2/spec/factories/committees.rb": {
        "lines": [
          1,
          1,
          1,
          1,
          8,
          null,
          null
        ]
      },
      "/Users/shwetimasakshi/Desktop/iteration2/spec/factories/faculty.rb": {
        "lines": [
          1,
          1,
          13,
          13,
          26,
          20,
          22,
          null,
          null,
          null
        ]
      },
      "/Users/shwetimasakshi/Desktop/iteration2/spec/factories/students.rb": {
        "lines": [
          1,
          1,
          18,
          18,
          18,
          6,
          8,
          8,
          null,
          null,
          null
        ]
      },
      "/Users/shwetimasakshi/Desktop/iteration2/config/routes.rb": {
        "lines": [
          1,
          1,
          1,
          null,
          1,
          1,
          null,
          1,
          1,
          null,
          1,
          1,
          1,
          1,
          1,
          1,
          1,
          1,
          1,
          null,
          1,
          1,
          1,
          1,
          null,
          1,
          1,
          1,
          1,
          1,
          1,
          null,
          null,
          1,
          1,
          1,
          null,
          null,
          null,
          null,
          null
        ]
      },
      "/Users/shwetimasakshi/Desktop/iteration2/app/helpers/admin_helper.rb": {
        "lines": [
          1,
          null
        ]
      },
      "/Users/shwetimasakshi/Desktop/iteration2/app/helpers/application_helper.rb": {
        "lines": [
          1,
          null
        ]
      },
      "/Users/shwetimasakshi/Desktop/iteration2/app/helpers/document_helper.rb": {
        "lines": [
          1,
          null
        ]
      },
      "/Users/shwetimasakshi/Desktop/iteration2/app/helpers/faculty_helper.rb": {
        "lines": [
          1,
          null
        ]
      },
      "/Users/shwetimasakshi/Desktop/iteration2/app/helpers/home_helper.rb": {
        "lines": [
          1,
          null
        ]
      },
      "/Users/shwetimasakshi/Desktop/iteration2/app/helpers/student_helper.rb": {
        "lines": [
          1,
          null
        ]
      },
      "/Users/shwetimasakshi/Desktop/iteration2/app/helpers/student_documents_helper.rb": {
        "lines": [
          1,
          null
        ]
      },
      "/Users/shwetimasakshi/Desktop/iteration2/app/helpers/welcome_helper.rb": {
        "lines": [
          1,
          null
        ]
      },
      "/Users/shwetimasakshi/Desktop/iteration2/app/controllers/admin_controller.rb": {
        "lines": [
          1,
          1,
          null,
          null,
          1,
          2,
          2,
          null,
          1,
          1,
          1,
          null,
          null,
          1,
          1,
          null,
          null,
          null,
          1,
          1,
          1,
          1,
          null,
          null
        ]
      },
      "/Users/shwetimasakshi/Desktop/iteration2/app/controllers/application_controller.rb": {
        "lines": [
          1,
          null
        ]
      },
      "/Users/shwetimasakshi/Desktop/iteration2/spec/controllers/faculty_controller_spec.rb": {
        "lines": [
          null,
          1,
          null,
          1,
          null,
          1,
          1,
          1,
          1,
          1,
          1,
          1,
          null,
          null,
          null,
          1,
          3,
          null,
          1,
          1,
          1,
          1,
          null,
          null,
          1,
          1,
          1,
          1,
          1,
          null,
          null,
          null
        ]
      },
      "/Users/shwetimasakshi/Desktop/iteration2/app/controllers/faculty_controller.rb": {
        "lines": [
          1,
          1,
          1,
          null,
          null,
          1,
          2,
          2,
          null,
          1,
          null,
          null,
          1,
          null,
          null,
          1,
          1,
          null,
          null,
          null,
          null,
          1,
          1,
          null,
          null,
          1,
          null,
          null,
          1,
          0,
          0,
          0,
          0,
          0,
          0,
          0,
          0,
          null,
          0,
          null,
          null,
          null,
          0,
          0,
          null,
          null,
          null,
          null,
          1,
          0,
          0,
          null,
          0,
          0,
          null,
          0,
          0,
          null,
          null,
          null,
          1,
          null,
          0,
          null,
          null,
          0,
          null,
          0,
          0,
          null,
          0,
          null,
          null,
          0,
          null,
          null,
          1,
          null,
          0,
          null,
          null,
          0,
          null,
          0,
          0,
          0,
          null,
          null,
          null,
          null,
          1,
          null,
          1,
          0,
          0,
          0,
          null,
          null,
          null,
          null,
          1,
          1,
          null,
          null,
          1,
          1,
          null,
          null,
          1,
          0,
          null,
          null,
          1,
          0,
          null,
          null,
          1,
          0,
          null,
          null
        ]
      },
      "/Users/shwetimasakshi/Desktop/iteration2/spec/controllers/student_controller_spec.rb": {
        "lines": [
          null,
          1,
          null,
          1,
          1,
          1,
          1,
          1,
          null,
          null,
          null,
          1,
          1,
          1,
          1,
          1,
          1,
          1,
          1,
          1,
          null,
          null,
          null,
          1,
          1,
          1,
          1,
          1,
          null,
          null,
          null,
          1,
          1,
          1,
          null,
          null,
          null,
          1,
          1,
          1,
          1,
          null,
          null,
          1,
          1,
          1,
          null,
          null,
          null,
          null,
          null,
          1,
          3,
          null,
          1,
          1,
          1,
          1,
          1,
          null,
          null,
          1,
          1,
          1,
          1,
          1,
          null,
          null,
          null,
          1,
          2,
          null,
          1,
          1,
          1,
          null,
          1,
          1,
          null,
          null,
          null,
          1,
          1,
          1,
          null,
          null,
          1,
          1,
          null,
          1,
          null,
          null,
          null,
          null,
          1,
          3,
          null,
          1,
          2,
          2,
          2,
          2,
          null,
          null,
          1,
          1,
          null,
          null,
          1,
          1,
          null,
          null,
          null,
          1,
          3,
          3,
          null,
          1,
          2,
          null,
          null,
          1,
          1,
          1,
          null,
          null,
          null,
          1,
          1,
          null,
          1,
          null,
          1,
          null,
          null,
          null,
          null,
          null,
          1,
          4,
          4,
          null,
          1,
          3,
          3,
          3,
          null,
          null,
          1,
          1,
          null,
          null,
          1,
          1,
          null,
          null,
          1,
          null,
          1,
          null,
          null,
          1,
          1,
          null,
          null,
          null,
          1,
          3,
          3,
          3,
          null,
          3,
          3,
          null,
          1,
          2,
          null,
          null,
          1,
          1,
          null,
          1,
          1,
          1,
          null,
          null,
          1,
          null,
          1,
          null,
          1,
          null,
          1,
          1,
          1,
          1,
          1,
          null,
          null,
          null,
          1,
          3,
          3,
          3,
          null,
          3,
          3,
          null,
          1,
          2,
          null,
          null,
          1,
          1,
          null,
          1,
          1,
          1,
          null,
          null,
          1,
          1,
          1,
          null,
          1,
          null,
          null,
          null
        ]
      },
      "/Users/shwetimasakshi/Desktop/iteration2/app/controllers/student_controller.rb": {
        "lines": [
          1,
          1,
          null,
          1,
          null,
          null,
          1,
          2,
          2,
          2,
          null,
          1,
          1,
          1,
          1,
          null,
          null,
          1,
          1,
          null,
          null,
          null,
          1,
          1,
          null,
          null,
          1,
          4,
          4,
          null,
          2,
          2,
          2,
          2,
          null,
          null,
          2,
          null,
          null,
          null,
          1,
          1,
          1,
          1,
          1,
          null,
          null,
          1,
          3,
          null,
          null,
          1,
          4,
          null,
          null,
          4,
          1,
          1,
          null,
          null,
          null,
          1,
          null,
          2,
          null,
          2,
          1,
          null,
          1,
          1,
          null,
          null,
          2,
          null,
          null,
          1,
          2,
          null,
          null,
          2,
          null,
          null,
          2,
          null,
          2,
          2,
          null,
          null,
          1,
          2,
          2,
          1,
          null,
          1,
          null,
          2,
          null,
          null,
          null,
          1,
          1,
          4,
          null,
          null,
          1,
          20,
          null,
          null,
          1,
          10,
          1,
          1,
          null,
          null,
          null,
          1,
          null
        ]
      },
      "/Users/shwetimasakshi/Desktop/iteration2/spec/controllers/student_document_controller_spec.rb": {
        "lines": [
          1,
          null,
          1,
          null,
          1,
          2,
          2,
          null,
          null,
          null,
          3,
          null,
          null,
          null,
          null,
          null,
          null,
          null,
          null,
          null,
          null,
          null,
          null,
          null,
          1,
          1,
          null,
          null,
          1,
          1,
          1,
          1,
          1,
          1,
          1,
          1,
          1,
          1,
          1,
          1,
          1,
          null,
          1,
          null,
          null,
          null,
          null,
          null,
          null,
          null,
          null,
          null,
          null,
          null,
          null,
          null,
          1,
          null,
          null,
          1,
          1,
          1,
          1,
          1,
          1,
          1,
          1,
          1,
          1,
          1,
          1,
          null,
          null,
          1,
          null,
          1,
          null,
          1,
          null,
          null,
          1,
          null,
          null,
          1,
          1,
          null,
          null,
          null,
          null
        ]
      },
      "/Users/shwetimasakshi/Desktop/iteration2/app/controllers/student_documents_controller.rb": {
        "lines": [
          1,
          1,
          null,
          null,
          1,
          0,
          0,
          null,
          null,
          null,
          1,
          0,
          null,
          null,
          null,
          1,
          null,
          null,
          null,
          null,
          1,
          null,
          null,
          null,
          null,
          1,
          null,
          null,
          null,
          null,
          null,
          null,
          1,
          2,
          2,
          2,
          null,
          null,
          2,
          2,
          2,
          2,
          2,
          2,
          2,
          2,
          2,
          null,
          2,
          null,
          1,
          null,
          null,
          1,
          null,
          null,
          1,
          null,
          null,
          1,
          1,
          1,
          1,
          null,
          null,
          null,
          1,
          1,
          1,
          1,
          null,
          null,
          1,
          null,
          null,
          1,
          null,
          null,
          1,
          null,
          null,
          1,
          null,
          null,
          1,
          1,
          1,
          1,
          null,
          null,
          null,
          1,
          1,
          1,
          1,
          null,
          null,
          1,
          null,
          null,
          null,
          1,
          1,
          1,
          1,
          1,
          1,
          1,
          1,
          null,
          null,
          1,
          1,
          null,
          null,
          1,
          1,
          1,
          null,
          null,
          null,
          null,
          1,
          0,
          null,
          0,
          0,
          0,
          null,
          null,
          null,
          1,
          null,
          1,
          2,
          2,
          null,
          null,
          null,
          1,
          2,
          null,
          null
        ]
      },
      "/Users/shwetimasakshi/Desktop/iteration2/spec/models/admin_spec.rb": {
        "lines": [
          null,
          null,
          1,
          null,
          1,
          1,
          1,
          1,
          1,
          null,
          null,
          1,
          1,
          1,
          1,
          null,
          null,
          1,
          1,
          1,
          1,
          null,
          null,
          1,
          1,
          1,
          1,
          null,
          null,
          1,
          1,
          1,
          1,
          null,
          null,
          null,
          1,
          3,
          null,
          1,
          1,
          1,
          null,
          null,
          1,
          1,
          1,
          null,
          null,
          null
        ]
      },
      "/Users/shwetimasakshi/Desktop/iteration2/app/models/admin.rb": {
        "lines": [
          1,
          1,
          null,
          1,
          1,
          null,
          1,
          10,
          1,
          null,
          null,
          null
        ]
      },
      "/Users/shwetimasakshi/Desktop/iteration2/app/models/application_record.rb": {
        "lines": [
          1,
          1,
          null
        ]
      },
      "/Users/shwetimasakshi/Desktop/iteration2/spec/models/committee_spec.rb": {
        "lines": [
          null,
          1,
          null,
          1,
          1,
          1,
          1,
          1,
          1,
          null,
          null,
          1,
          1,
          1,
          1,
          null,
          null,
          null,
          1,
          1,
          1,
          1,
          null,
          1,
          null,
          1,
          1,
          null,
          null,
          null
        ]
      },
      "/Users/shwetimasakshi/Desktop/iteration2/app/models/committee.rb": {
        "lines": [
          1,
          1,
          1,
          null,
          1,
          null
        ]
      },
      "/Users/shwetimasakshi/Desktop/iteration2/spec/models/faculty_spec.rb": {
        "lines": [
          null,
          null,
          1,
          null,
          1,
          1,
          1,
          1,
          1,
          null,
          null,
          1,
          1,
          1,
          1,
          null,
          null,
          1,
          1,
          1,
          1,
          null,
          null,
          1,
          1,
          1,
          1,
          null,
          null,
          1,
          1,
          1,
          1,
          null,
          null,
          null,
          1,
          3,
          null,
          1,
          1,
          1,
          null,
          null,
          1,
          1,
          1,
          null,
          null,
          null
        ]
      },
      "/Users/shwetimasakshi/Desktop/iteration2/app/models/faculty.rb": {
        "lines": [
          1,
          1,
          null,
          null,
          1,
          1,
          1,
          null,
          null,
          1,
          1,
          null,
          1,
          30,
          2,
          null,
          null,
          null
        ]
      },
      "/Users/shwetimasakshi/Desktop/iteration2/spec/models/student_spec.rb": {
        "lines": [
          1,
          null,
          1,
          1,
          1,
          1,
          1,
          1,
          null,
          null,
          1,
          1,
          1,
          1,
          null,
          null,
          1,
          1,
          1,
          1,
          null,
          null,
          1,
          1,
          1,
          1,
          null,
          null,
          null
        ]
      },
      "/Users/shwetimasakshi/Desktop/iteration2/app/models/student.rb": {
        "lines": [
          1,
          1,
          1,
          null,
          null,
          1,
          1,
          1,
          null,
          null,
          1,
          1,
          1,
          1,
          1,
          1,
          1,
          null,
          1,
          1,
          null,
          1,
          27,
          4,
          null,
          null,
          null
        ]
      },
      "/Users/shwetimasakshi/Desktop/iteration2/app/models/student_document.rb": {
        "lines": [
          1,
          1,
          null,
          null,
          1,
          1,
          1,
          1,
          1,
          1,
          1,
          1,
          1,
          1,
          null,
          null
        ]
      }
    },
    "timestamp": 1697817426
  }
}
